<?xml version="1.0" encoding="UTF-8"?>
<testng-results ignored="0" total="1" passed="1" failed="0" skipped="0">
  <reporter-output>
  </reporter-output>
  <suite started-at="2020-08-21T14:46:08 CST" name="Default suite" finished-at="2020-08-21T14:46:08 CST" duration-ms="33">
    <groups>
    </groups>
    <test started-at="2020-08-21T14:46:08 CST" name="Default test" finished-at="2020-08-21T14:46:08 CST" duration-ms="33">
      <class name="TestCase01_GET">
        <test-method signature="sampleTestComp()[pri:0, instance:TestCase01_GET@1d082e88]" started-at="2020-08-21T14:46:08 CST" name="sampleTestComp" finished-at="2020-08-21T14:46:08 CST" duration-ms="6" status="PASS">
          <reporter-output>
          </reporter-output>
        </test-method> <!-- sampleTestComp -->
      </class> <!-- TestCase01_GET -->
    </test> <!-- Default test -->
  </suite> <!-- Default suite -->
</testng-results>
